c:\새 폴더\portfoliogame\portfoliogame\portfoliogame\x64\debug\portfolio_game.obj
c:\새 폴더\portfoliogame\portfoliogame\portfoliogame\x64\debug\skin_item.obj
c:\새 폴더\portfoliogame\portfoliogame\portfoliogame\x64\debug\xml_reader.obj
c:\새 폴더\portfoliogame\portfoliogame\portfoliogame\x64\debug\skin_manager.obj
c:\새 폴더\portfoliogame\portfoliogame\portfoliogame\x64\debug\skin_info.obj
c:\새 폴더\portfoliogame\portfoliogame\portfoliogame\x64\debug\skin_frame.obj
c:\새 폴더\portfoliogame\portfoliogame\portfoliogame\x64\debug\main_game.obj
c:\새 폴더\portfoliogame\portfoliogame\portfoliogame\x64\debug\game_player.obj
c:\새 폴더\portfoliogame\portfoliogame\portfoliogame\x64\debug\anim_sprite_component.obj
c:\새 폴더\portfoliogame\portfoliogame\portfoliogame\x64\debug\game_object.obj
c:\새 폴더\portfoliogame\portfoliogame\portfoliogame\x64\debug\sprite_component.obj
c:\새 폴더\portfoliogame\portfoliogame\portfoliogame\x64\debug\component.obj
c:\새 폴더\portfoliogame\portfoliogame\portfoliogame\x64\debug\portfoliogame.pch
c:\새 폴더\portfoliogame\portfoliogame\portfoliogame\x64\debug\vc142.pdb
c:\새 폴더\portfoliogame\portfoliogame\portfoliogame\x64\debug\vc142.idb
c:\새 폴더\portfoliogame\portfoliogame\portfoliogame\x64\debug\pch.obj
c:\새 폴더\portfoliogame\portfoliogame\portfoliogame\x64\debug\string_tools.obj
c:\새 폴더\portfoliogame\portfoliogame\portfoliogame\x64\debug\base64.obj
c:\새 폴더\portfoliogame\portfoliogame\x64\debug\portfoliogame.exe
c:\새 폴더\portfoliogame\portfoliogame\portfoliogame\x64\debug\portfoliogame.ilk
c:\새 폴더\portfoliogame\portfoliogame\x64\debug\portfoliogame.pdb
c:\새 폴더\portfoliogame\portfoliogame\x64\debug\pugixml_d.dll
c:\새 폴더\portfoliogame\portfoliogame\portfoliogame\x64\debug\portfoliogame.res
c:\새 폴더\portfoliogame\portfoliogame\portfoliogame\x64\debug\main_game.obj.enc
c:\새 폴더\portfoliogame\portfoliogame\portfoliogame\x64\debug\skin_info.obj.enc
c:\새 폴더\portfoliogame\portfoliogame\portfoliogame\x64\debug\skin_item.obj.enc
c:\새 폴더\portfoliogame\portfoliogame\portfoliogame\x64\debug\xml_reader.obj.enc
c:\새 폴더\portfoliogame\portfoliogame\portfoliogame\x64\debug\portfoliogame.tlog\cl.command.1.tlog
c:\새 폴더\portfoliogame\portfoliogame\portfoliogame\x64\debug\portfoliogame.tlog\cl.read.1.tlog
c:\새 폴더\portfoliogame\portfoliogame\portfoliogame\x64\debug\portfoliogame.tlog\cl.write.1.tlog
c:\새 폴더\portfoliogame\portfoliogame\portfoliogame\x64\debug\portfoliogame.tlog\link.command.1.tlog
c:\새 폴더\portfoliogame\portfoliogame\portfoliogame\x64\debug\portfoliogame.tlog\link.read.1.tlog
c:\새 폴더\portfoliogame\portfoliogame\portfoliogame\x64\debug\portfoliogame.tlog\link.write.1.tlog
c:\새 폴더\portfoliogame\portfoliogame\portfoliogame\x64\debug\portfoliogame.tlog\portfoliogame.write.1u.tlog
c:\새 폴더\portfoliogame\portfoliogame\portfoliogame\x64\debug\portfoliogame.tlog\rc.command.1.tlog
c:\새 폴더\portfoliogame\portfoliogame\portfoliogame\x64\debug\portfoliogame.tlog\rc.read.1.tlog
c:\새 폴더\portfoliogame\portfoliogame\portfoliogame\x64\debug\portfoliogame.tlog\rc.write.1.tlog
